2022-03-19T09:31:33.022495+09:00 0 [System] [MY-013169] [Server] /usr/sbin/mysqld (mysqld 8.0.28) initializing of server in progress as process 42
2022-03-19T09:31:33.046464+09:00 0 [Warning] [MY-010159] [Server] Setting lower_case_table_names=2 because file system for /var/lib/mysql/ is case insensitive
2022-03-19T09:31:33.089805+09:00 1 [System] [MY-013576] [InnoDB] InnoDB initialization has started.
2022-03-19T09:31:41.135155+09:00 1 [System] [MY-013577] [InnoDB] InnoDB initialization has ended.
2022-03-19T09:31:49.178089+09:00 6 [Warning] [MY-010453] [Server] root@localhost is created with an empty password ! Please consider switching off the --initialize-insecure option.
2022-03-19T09:32:22.186748+09:00 0 [System] [MY-010116] [Server] /usr/sbin/mysqld (mysqld 8.0.28) starting as process 89
2022-03-19T09:32:22.211154+09:00 0 [Warning] [MY-010159] [Server] Setting lower_case_table_names=2 because file system for /var/lib/mysql/ is case insensitive
2022-03-19T09:32:22.278312+09:00 1 [System] [MY-013576] [InnoDB] InnoDB initialization has started.
2022-03-19T09:32:25.172772+09:00 1 [System] [MY-013577] [InnoDB] InnoDB initialization has ended.
2022-03-19T09:32:26.886302+09:00 0 [Warning] [MY-010068] [Server] CA certificate ca.pem is self signed.
2022-03-19T09:32:26.887496+09:00 0 [System] [MY-013602] [Server] Channel mysql_main configured to support TLS. Encrypted connections are now supported for this channel.
2022-03-19T09:32:26.955228+09:00 0 [Warning] [MY-011810] [Server] Insecure configuration for --pid-file: Location '/var/run/mysqld' in the path is accessible to all OS users. Consider choosing a different directory.
2022-03-19T09:32:27.185130+09:00 0 [System] [MY-010931] [Server] /usr/sbin/mysqld: ready for connections. Version: '8.0.28'  socket: '/var/run/mysqld/mysqld.sock'  port: 0  MySQL Community Server - GPL.
2022-03-19T09:32:27.187627+09:00 0 [System] [MY-011323] [Server] X Plugin ready for connections. Socket: /var/run/mysqld/mysqlx.sock
2022-03-19T09:32:59.060152+09:00 13 [System] [MY-013172] [Server] Received SHUTDOWN from user root. Shutting down mysqld (Version: 8.0.28).
2022-03-19T09:33:02.920850+09:00 0 [System] [MY-010910] [Server] /usr/sbin/mysqld: Shutdown complete (mysqld 8.0.28)  MySQL Community Server - GPL.
2022-03-19T09:33:03.388329+09:00 0 [System] [MY-010116] [Server] /usr/sbin/mysqld (mysqld 8.0.28) starting as process 1
2022-03-19T09:33:03.414546+09:00 0 [Warning] [MY-010159] [Server] Setting lower_case_table_names=2 because file system for /var/lib/mysql/ is case insensitive
2022-03-19T09:33:03.467036+09:00 1 [System] [MY-013576] [InnoDB] InnoDB initialization has started.
2022-03-19T09:33:05.076403+09:00 1 [System] [MY-013577] [InnoDB] InnoDB initialization has ended.
2022-03-19T09:33:06.381611+09:00 0 [Warning] [MY-010068] [Server] CA certificate ca.pem is self signed.
2022-03-19T09:33:06.385320+09:00 0 [System] [MY-013602] [Server] Channel mysql_main configured to support TLS. Encrypted connections are now supported for this channel.
2022-03-19T09:33:06.403614+09:00 0 [Warning] [MY-011810] [Server] Insecure configuration for --pid-file: Location '/var/run/mysqld' in the path is accessible to all OS users. Consider choosing a different directory.
2022-03-19T09:33:06.578374+09:00 0 [System] [MY-011323] [Server] X Plugin ready for connections. Bind-address: '::' port: 33060, socket: /var/run/mysqld/mysqlx.sock
2022-03-19T09:33:06.578520+09:00 0 [System] [MY-010931] [Server] /usr/sbin/mysqld: ready for connections. Version: '8.0.28'  socket: '/var/run/mysqld/mysqld.sock'  port: 3306  MySQL Community Server - GPL.
mbind: Operation not permitted
mbind: Operation not permitted
